<?xml version="1.0" encoding="UTF-8"?>
<!-- Generated by org.testng.reporters.JUnitXMLReporter -->
<testsuite hostname="Chaya" ignored="0" name="Default test" tests="5" failures="0" timestamp="15 May 2020 15:58:50 GMT" time="6.539" errors="0">
  <testcase name="DELETE_test1" time="6.067" classname="com.restassured.api.test_g"/>
  <testcase name="Get_test" time="0.185" classname="com.restassured.api.test_g"/>
  <testcase name="PATCH_test" time="0.077" classname="com.restassured.api.test_g"/>
  <testcase name="POST_test" time="0.086" classname="com.restassured.api.test_g"/>
  <testcase name="PUT_test1" time="0.047" classname="com.restassured.api.test_g"/>
</testsuite> <!-- Default test -->
