<?xml version="1.0" encoding="UTF-8"?>
<testng-results skipped="0" failed="0" ignored="0" total="5" passed="5">
  <reporter-output>
  </reporter-output>
  <suite name="Default suite" duration-ms="6539" started-at="2020-05-15T15:58:44Z" finished-at="2020-05-15T15:58:50Z">
    <groups>
    </groups>
    <test name="Default test" duration-ms="6539" started-at="2020-05-15T15:58:44Z" finished-at="2020-05-15T15:58:50Z">
      <class name="com.restassured.api.test_g">
        <test-method status="PASS" signature="DELETE_test1()[pri:0, instance:com.restassured.api.test_g@29ee9faa]" name="DELETE_test1" duration-ms="6067" started-at="2020-05-15T15:58:44Z" finished-at="2020-05-15T15:58:50Z">
          <reporter-output>
          </reporter-output>
        </test-method> <!-- DELETE_test1 -->
        <test-method status="PASS" signature="Get_test()[pri:0, instance:com.restassured.api.test_g@29ee9faa]" name="Get_test" duration-ms="185" started-at="2020-05-15T15:58:50Z" finished-at="2020-05-15T15:58:50Z">
          <reporter-output>
          </reporter-output>
        </test-method> <!-- Get_test -->
        <test-method status="PASS" signature="PATCH_test()[pri:0, instance:com.restassured.api.test_g@29ee9faa]" name="PATCH_test" duration-ms="77" started-at="2020-05-15T15:58:50Z" finished-at="2020-05-15T15:58:50Z">
          <reporter-output>
          </reporter-output>
        </test-method> <!-- PATCH_test -->
        <test-method status="PASS" signature="POST_test()[pri:0, instance:com.restassured.api.test_g@29ee9faa]" name="POST_test" duration-ms="86" started-at="2020-05-15T15:58:50Z" finished-at="2020-05-15T15:58:50Z">
          <reporter-output>
          </reporter-output>
        </test-method> <!-- POST_test -->
        <test-method status="PASS" signature="PUT_test1()[pri:0, instance:com.restassured.api.test_g@29ee9faa]" name="PUT_test1" duration-ms="47" started-at="2020-05-15T15:58:50Z" finished-at="2020-05-15T15:58:50Z">
          <reporter-output>
          </reporter-output>
        </test-method> <!-- PUT_test1 -->
      </class> <!-- com.restassured.api.test_g -->
    </test> <!-- Default test -->
  </suite> <!-- Default suite -->
</testng-results>
